<?xml version="1.0" encoding="UTF-8"?>
<testng-results skipped="0" failed="0" ignored="0" total="1" passed="1">
  <reporter-output>
    <line>
      <![CDATA[==================================================================================================]]>
    </line>
    <line>
      <![CDATA[========Testcase ========AndroidDriver====== Ended ========]]>
    </line>
    <line>
      <![CDATA[===================   ==================    =======================   =====================]]>
    </line>
  </reporter-output>
  <suite name="Default suite" duration-ms="83403" started-at="2020-07-18T14:47:24Z" finished-at="2020-07-18T14:48:48Z">
    <groups>
    </groups>
    <test name="Default test" duration-ms="83403" started-at="2020-07-18T14:47:24Z" finished-at="2020-07-18T14:48:48Z">
      <class name="maintestcases.Prodinfoserach">
        <test-method status="PASS" signature="setUp()[pri:0, instance:maintestcases.Prodinfoserach@80503]" name="setUp" is-config="true" duration-ms="26888" started-at="2020-07-18T14:46:58Z" finished-at="2020-07-18T14:47:24Z">
          <reporter-output>
          </reporter-output>
        </test-method> <!-- setUp -->
        <test-method status="PASS" signature="Addtocart(java.lang.String, java.lang.String)[pri:0, instance:maintestcases.Prodinfoserach@80503]" name="Addtocart" duration-ms="82136" started-at="2020-07-18T14:47:26Z" data-provider="login" finished-at="2020-07-18T14:48:48Z">
          <params>
            <param index="0">
              <value>
                <![CDATA[hema8140@gmail.com]]>
              </value>
            </param>
            <param index="1">
              <value>
                <![CDATA[anjali@123]]>
              </value>
            </param>
          </params>
          <reporter-output>
          </reporter-output>
        </test-method> <!-- Addtocart -->
        <test-method status="PASS" signature="TestcaseEnd()[pri:0, instance:maintestcases.Prodinfoserach@80503]" name="TestcaseEnd" is-config="true" duration-ms="0" started-at="2020-07-18T14:48:48Z" finished-at="2020-07-18T14:48:48Z">
          <reporter-output>
            <line>
              <![CDATA[==================================================================================================]]>
            </line>
          </reporter-output>
        </test-method> <!-- TestcaseEnd -->
        <test-method status="PASS" signature="tearDown()[pri:0, instance:maintestcases.Prodinfoserach@80503]" name="tearDown" is-config="true" duration-ms="2741" started-at="2020-07-18T14:48:48Z" finished-at="2020-07-18T14:48:51Z">
          <reporter-output>
            <line>
              <![CDATA[========Testcase ========AndroidDriver====== Ended ========]]>
            </line>
            <line>
              <![CDATA[===================   ==================    =======================   =====================]]>
            </line>
          </reporter-output>
        </test-method> <!-- tearDown -->
      </class> <!-- maintestcases.Prodinfoserach -->
    </test> <!-- Default test -->
  </suite> <!-- Default suite -->
</testng-results>
